TN:
SF:/Users/jcollantes/Documents/projects/BoldPenguin/ng-dynamic-form-generation/src/polyfills.ts
FNF:0
FNH:0
LF:0
LH:0
BRF:0
BRH:0
end_of_record
TN:
SF:/Users/jcollantes/Documents/projects/BoldPenguin/ng-dynamic-form-generation/src/test.ts
FNF:0
FNH:0
DA:13,1
DA:18,1
DA:20,1
LF:3
LH:3
BRF:0
BRH:0
end_of_record
TN:
SF:/Users/jcollantes/Documents/projects/BoldPenguin/ng-dynamic-form-generation/src/app/api.service.ts
FN:13,ApiService
FN:15,(anonymous_2)
FN:19,(anonymous_3)
FN:24,(anonymous_4)
FNF:4
FNH:3
FNDA:8,ApiService
FNDA:4,(anonymous_2)
FNDA:1,(anonymous_3)
FNDA:0,(anonymous_4)
DA:7,1
DA:9,8
DA:10,8
DA:11,8
DA:13,8
DA:15,1
DA:16,4
DA:19,1
DA:20,1
DA:21,1
DA:24,1
DA:25,0
DA:27,1
LF:13
LH:12
BRF:0
BRH:0
end_of_record
TN:
SF:/Users/jcollantes/Documents/projects/BoldPenguin/ng-dynamic-form-generation/src/app/app.component.ts
FN:20,AppComponent
FN:24,(anonymous_2)
FN:29,(anonymous_3)
FN:33,(anonymous_4)
FN:36,(anonymous_5)
FN:39,(anonymous_6)
FN:42,(anonymous_7)
FN:46,(anonymous_8)
FN:52,(anonymous_9)
FN:55,(anonymous_10)
FN:59,(anonymous_11)
FN:63,(anonymous_12)
FN:68,(anonymous_13)
FN:71,(anonymous_14)
FN:77,(anonymous_15)
FN:101,(anonymous_16)
FN:106,(anonymous_17)
FN:109,(anonymous_18)
FNF:18
FNH:7
FNDA:7,AppComponent
FNDA:4,(anonymous_2)
FNDA:7,(anonymous_3)
FNDA:0,(anonymous_4)
FNDA:0,(anonymous_5)
FNDA:4,(anonymous_6)
FNDA:0,(anonymous_7)
FNDA:0,(anonymous_8)
FNDA:1,(anonymous_9)
FNDA:0,(anonymous_10)
FNDA:0,(anonymous_11)
FNDA:0,(anonymous_12)
FNDA:1,(anonymous_13)
FNDA:1,(anonymous_14)
FNDA:0,(anonymous_15)
FNDA:0,(anonymous_16)
FNDA:0,(anonymous_17)
FNDA:0,(anonymous_18)
DA:13,1
DA:20,7
DA:21,7
DA:24,1
DA:25,4
DA:26,4
DA:29,1
DA:30,7
DA:33,1
DA:34,0
DA:36,0
DA:39,4
DA:40,4
DA:43,0
DA:47,0
DA:48,0
DA:52,1
DA:53,1
DA:56,0
DA:59,0
DA:64,0
DA:68,1
DA:69,1
DA:71,1
DA:72,1
DA:74,1
DA:77,1
DA:79,0
DA:80,0
DA:83,0
DA:84,0
DA:86,0
DA:87,0
DA:90,0
DA:93,0
DA:99,0
DA:102,0
DA:107,0
DA:110,0
DA:114,1
LF:40
LH:20
BRDA:59,0,0,0
BRDA:59,0,1,0
BRDA:72,1,0,1
BRDA:72,1,1,0
BRDA:95,2,0,0
BRDA:95,2,1,0
BRDA:95,3,0,0
BRDA:95,3,1,0
BRDA:95,4,0,0
BRDA:95,4,1,0
BRF:10
BRH:1
end_of_record
TN:
SF:/Users/jcollantes/Documents/projects/BoldPenguin/ng-dynamic-form-generation/src/app/material/material.module.ts
FN:17,MaterialModule
FNF:1
FNH:1
FNDA:7,MaterialModule
DA:17,1
LF:1
LH:1
BRF:0
BRH:0
end_of_record
